[DEBUG][Qt] 12.06.2026 15:17:10 [] (unknown:0) - Session start time .......: 20260612_151710
[DEBUG][Qt] 12.06.2026 15:17:10 [] (unknown:0) - Slicer version ...........: 5.10.0 (revision 34045 / a2b6d08) win-amd64 - installed release
[DEBUG][Qt] 12.06.2026 15:17:10 [] (unknown:0) - Operating system .........: Windows /  Personal / (Build 26200, Code Page 65001) - 64-bit
[DEBUG][Qt] 12.06.2026 15:17:10 [] (unknown:0) - Memory ...................: 16087 MB physical, 29911 MB virtual
[DEBUG][Qt] 12.06.2026 15:17:10 [] (unknown:0) - CPU ......................: GenuineIntel , 12 cores, 12 logical processors
[DEBUG][Qt] 12.06.2026 15:17:10 [] (unknown:0) - VTK configuration ........: OpenGL2 rendering, TBB threading
[DEBUG][Qt] 12.06.2026 15:17:10 [] (unknown:0) - Qt configuration .........: version 5.15.2, with SSL, requested OpenGL 3.2 (core profile)
[DEBUG][Qt] 12.06.2026 15:17:10 [] (unknown:0) - DCMTK configuration ......: version 3.6.8, no SSL
[DEBUG][Qt] 12.06.2026 15:17:10 [] (unknown:0) - Internationalization .....: disabled, language=
[DEBUG][Qt] 12.06.2026 15:17:10 [] (unknown:0) - Developer mode ...........: enabled
[DEBUG][Qt] 12.06.2026 15:17:10 [] (unknown:0) - Application path .........: C:/Users/ASWIN SUNIL/AppData/Local/slicer.org/3D Slicer 5.10.0/bin
[DEBUG][Qt] 12.06.2026 15:17:10 [] (unknown:0) - Additional module paths ..: D:/BCBMradoigenomics\RadiogenomicsUI, slicer.org/Extensions-34045/SlicerNeuroSegmentation/lib/Slicer-5.10/qt-scripted-modules, slicer.org/Extensions-34045/SlicerFreeSurfer/lib/Slicer-5.10/qt-loadable-modules, slicer.org/Extensions-34045/SlicerFreeSurfer/lib/Slicer-5.10/qt-scripted-modules, slicer.org/Extensions-34045/SlicerThemes/lib/Slicer-5.10/qt-scripted-modules
[INFO][Stream] 12.06.2026 15:17:11 [] (unknown:0) -
[WARNING][VTK] 12.06.2026 15:17:12 [] (unknown:0) - Generic Warning: In vtkSlicerApplicationLogic.cxx, line 827
GetModuleHomeDirectory: failed to compute module home directory given filePath: D:/BCBMradoigenomics/RadiogenomicsUI/RadiogenomicsUI.py
[DEBUG][Python] 12.06.2026 15:17:12 [Python] (C:\Users\ASWIN SUNIL\AppData\Local\slicer.org\3D Slicer 5.10.0\lib\Slicer-5.10\qt-scripted-modules\SubjectHierarchyPlugins\AbstractScriptedSubjectHierarchyPlugin.py:40) - Scripted subject hierarchy plugin registered: SegmentEditor
[DEBUG][Python] 12.06.2026 15:17:12 [Python] (C:\Users\ASWIN SUNIL\AppData\Local\slicer.org\3D Slicer 5.10.0\lib\Slicer-5.10\qt-scripted-modules\SubjectHierarchyPlugins\AbstractScriptedSubjectHierarchyPlugin.py:40) - Scripted subject hierarchy plugin registered: SegmentStatistics
[DEBUG][Qt] 12.06.2026 15:17:12 [] (unknown:0) - Switch to module:  "Welcome"
[DEBUG][Qt] 12.06.2026 15:17:52 [] (unknown:0) - Switch to module:  "NeuroSegment"
[ERROR][VTK] 12.06.2026 15:17:52 [vtkSlicerSegmentEditorLogic (000001E2A3B57220)] (vtkSlicerSegmentEditorLogic.cxx:384) - GetReferenceImageGeometryString: Invalid segmentation
[DEBUG][Qt] 12.06.2026 15:18:33 [] (unknown:0) - "Volume" Reader has successfully read the file "D:/BCBM-RadioGenomics_Images_Masks_Dec2024/BCBM-RadioGenomics-0-1/BCBM-RadioGenomics-0-1_image_ss_n4.nii.gz" "[0.24s]"
[DEBUG][Qt] 12.06.2026 15:18:34 [] (unknown:0) - Switch to module:  "Volumes"
[WARNING][Qt] 12.06.2026 15:19:27 [] (unknown:0) - An OpenGL Core Profile was requested, but it is not supported on the current platform. Falling back to a non-Core profile. Note that this might cause rendering issues.
[CRITICAL][FD] 12.06.2026 15:19:27 [] (unknown:0) - [37188:30960:0612/151927.214:ERROR:tcp_socket_win.cc(352)] bind() returned an error: Only one usage of each socket address (protocol/network address/port) is normally permitted. (0x2740)
[CRITICAL][FD] 12.06.2026 15:19:27 [] (unknown:0) - [37188:30960:0612/151927.214:ERROR:devtools_http_handler.cc(298)] Cannot start http server for devtools.
[WARNING][Qt] 12.06.2026 15:19:27 [] (unknown:0) - Property 'verbose'' of object 'qSlicerWebPythonProxy' has no notify signal and is not constant, value updates in HTML will be broken!
[WARNING][Qt] 12.06.2026 15:19:28 [] (unknown:0) - Property 'verbose'' of object 'qSlicerWebPythonProxy' has no notify signal and is not constant, value updates in HTML will be broken!
[WARNING][Qt] 12.06.2026 15:19:36 [] (unknown:0) - "https://extensions.slicer.org/catalog/All/34045/win" 0 "Mixed Content: The page at 'https://extensions.slicer.org/catalog/All/34045/win' was loaded over HTTPS, but requested an insecure image 'http://wiki.slicer.org/slicerWiki/images/f/f6/IntensitySegmenterIcon.png'. This content should also be served over HTTPS."
[WARNING][Qt] 12.06.2026 15:19:36 [] (unknown:0) - Mixed Content: The page at 'https://extensions.slicer.org/catalog/All/34045/win' was loaded over HTTPS, but requested an insecure image 'http://wiki.slicer.org/slicerWiki/images/f/f6/IntensitySegmenterIcon.png'. This content should also be served over HTTPS.
[WARNING][Qt] 12.06.2026 15:19:42 [] (unknown:0) - "https://extensions.slicer.org/catalog/All/34045/win" 0 "A cookie associated with a cross-site resource at http://www.nitrc.org/ was set without the `SameSite` attribute. A future release of Chrome will only deliver cookies with cross-site requests if they are set with `SameSite=None` and `Secure`. You can review cookies in developer tools under Application>Storage>Cookies and see more details at https://www.chromestatus.com/feature/5088147346030592 and https://www.chromestatus.com/feature/5633521622188032."
[WARNING][Qt] 12.06.2026 15:19:42 [] (unknown:0) - A cookie associated with a cross-site resource at http://www.nitrc.org/ was set without the `SameSite` attribute. A future release of Chrome will only deliver cookies with cross-site requests if they are set with `SameSite=None` and `Secure`. You can review cookies in developer tools under Application>Storage>Cookies and see more details at https://www.chromestatus.com/feature/5088147346030592 and https://www.chromestatus.com/feature/5633521622188032.
[WARNING][Qt] 12.06.2026 15:20:04 [] (unknown:0) - Property 'verbose'' of object 'qSlicerWebPythonProxy' has no notify signal and is not constant, value updates in HTML will be broken!
[WARNING][Qt] 12.06.2026 15:20:19 [] (unknown:0) - Property 'verbose'' of object 'qSlicerWebPythonProxy' has no notify signal and is not constant, value updates in HTML will be broken!
[DEBUG][Qt] 12.06.2026 15:25:36 [] (unknown:0) - Switch to module:  "Models"
[DEBUG][Qt] 12.06.2026 15:25:41 [] (unknown:0) - Switch to module:  "SceneViews"
[DEBUG][Qt] 12.06.2026 15:25:46 [] (unknown:0) - Switch to module:  "ViewControllers"
[CRITICAL][Qt] 12.06.2026 15:25:46 [] (unknown:0) - qMRMLSliceControllerWidget::setSliceViewName failed: MRMLSliceNode is invalid
[CRITICAL][Qt] 12.06.2026 15:25:46 [] (unknown:0) - void __cdecl qMRMLSliceControllerWidget::setSliceViewLabel(const class QString &)  failed: must set view node first
[CRITICAL][Qt] 12.06.2026 15:25:46 [] (unknown:0) - qMRMLSliceControllerWidget::setSliceViewName failed: MRMLSliceNode is invalid
[CRITICAL][Qt] 12.06.2026 15:25:46 [] (unknown:0) - qMRMLSliceControllerWidget::setSliceViewName failed: MRMLSliceNode is invalid
[CRITICAL][Qt] 12.06.2026 15:25:46 [] (unknown:0) - void __cdecl qMRMLSliceControllerWidget::setSliceViewLabel(const class QString &)  failed: must set view node first
[CRITICAL][Qt] 12.06.2026 15:25:46 [] (unknown:0) - qMRMLSliceControllerWidget::setSliceViewName failed: MRMLSliceNode is invalid
[CRITICAL][Qt] 12.06.2026 15:25:47 [] (unknown:0) - qMRMLSliceControllerWidget::setSliceViewName failed: MRMLSliceNode is invalid
[CRITICAL][Qt] 12.06.2026 15:25:47 [] (unknown:0) - void __cdecl qMRMLSliceControllerWidget::setSliceViewLabel(const class QString &)  failed: must set view node first
[CRITICAL][Qt] 12.06.2026 15:25:47 [] (unknown:0) - qMRMLSliceControllerWidget::setSliceViewName failed: MRMLSliceNode is invalid
[DEBUG][Qt] 12.06.2026 15:36:36 [] (unknown:0) - Switch to module:  ""
