[DEBUG][Qt] 12.06.2026 12:13:59 [] (unknown:0) - Session start time .......: 20260612_121359
[DEBUG][Qt] 12.06.2026 12:13:59 [] (unknown:0) - Slicer version ...........: 5.10.0 (revision 34045 / a2b6d08) win-amd64 - installed release
[DEBUG][Qt] 12.06.2026 12:13:59 [] (unknown:0) - Operating system .........: Windows /  Personal / (Build 26200, Code Page 65001) - 64-bit
[DEBUG][Qt] 12.06.2026 12:13:59 [] (unknown:0) - Memory ...................: 16087 MB physical, 39245 MB virtual
[DEBUG][Qt] 12.06.2026 12:13:59 [] (unknown:0) - CPU ......................: GenuineIntel , 12 cores, 12 logical processors
[DEBUG][Qt] 12.06.2026 12:13:59 [] (unknown:0) - VTK configuration ........: OpenGL2 rendering, TBB threading
[DEBUG][Qt] 12.06.2026 12:13:59 [] (unknown:0) - Qt configuration .........: version 5.15.2, with SSL, requested OpenGL 3.2 (core profile)
[DEBUG][Qt] 12.06.2026 12:13:59 [] (unknown:0) - DCMTK configuration ......: version 3.6.8, no SSL
[DEBUG][Qt] 12.06.2026 12:13:59 [] (unknown:0) - Internationalization .....: disabled, language=
[DEBUG][Qt] 12.06.2026 12:13:59 [] (unknown:0) - Developer mode ...........: enabled
[DEBUG][Qt] 12.06.2026 12:13:59 [] (unknown:0) - Application path .........: C:/Users/ASWIN SUNIL/AppData/Local/slicer.org/3D Slicer 5.10.0/bin
[DEBUG][Qt] 12.06.2026 12:13:59 [] (unknown:0) - Additional module paths ..: D:/BCBMradoigenomics\RadiogenomicsUI
[INFO][Stream] 12.06.2026 12:14:00 [] (unknown:0) -
[WARNING][VTK] 12.06.2026 12:14:02 [] (unknown:0) - Generic Warning: In vtkSlicerApplicationLogic.cxx, line 827
GetModuleHomeDirectory: failed to compute module home directory given filePath: D:/BCBMradoigenomics/RadiogenomicsUI/RadiogenomicsUI.py
[DEBUG][Python] 12.06.2026 12:14:02 [Python] (C:\Users\ASWIN SUNIL\AppData\Local\slicer.org\3D Slicer 5.10.0\lib\Slicer-5.10\qt-scripted-modules\SubjectHierarchyPlugins\AbstractScriptedSubjectHierarchyPlugin.py:40) - Scripted subject hierarchy plugin registered: SegmentEditor
[DEBUG][Python] 12.06.2026 12:14:02 [Python] (C:\Users\ASWIN SUNIL\AppData\Local\slicer.org\3D Slicer 5.10.0\lib\Slicer-5.10\qt-scripted-modules\SubjectHierarchyPlugins\AbstractScriptedSubjectHierarchyPlugin.py:40) - Scripted subject hierarchy plugin registered: SegmentStatistics
[DEBUG][Qt] 12.06.2026 12:14:02 [] (unknown:0) - Switch to module:  "Welcome"
[DEBUG][Qt] 12.06.2026 12:14:09 [] (unknown:0) - Switch to module:  "RadiogenomicsUI"
[INFO][Stream] 12.06.2026 12:18:00 [] (unknown:0) -
[INFO][Stream] 12.06.2026 12:18:00 [] (unknown:0) -
[INFO][Stream] 12.06.2026 12:18:00 [] (unknown:0) -
[INFO][Stream] 12.06.2026 12:18:00 [] (unknown:0) - ------------------------------
[INFO][Stream] 12.06.2026 12:18:00 [] (unknown:0) - Reloading module: RadiogenomicsUI
[INFO][Stream] 12.06.2026 12:18:00 [] (unknown:0) - ------------------------------
[INFO][Stream] 12.06.2026 12:18:00 [] (unknown:0) -
[INFO][Stream] 12.06.2026 12:18:00 [] (unknown:0) -
[INFO][Stream] 12.06.2026 12:18:00 [] (unknown:0) -
[INFO][Stream] 12.06.2026 12:18:18 [] (unknown:0) -
[INFO][Stream] 12.06.2026 12:18:18 [] (unknown:0) -
[INFO][Stream] 12.06.2026 12:18:18 [] (unknown:0) -
[INFO][Stream] 12.06.2026 12:18:18 [] (unknown:0) - ------------------------------
[INFO][Stream] 12.06.2026 12:18:18 [] (unknown:0) - Reloading module: RadiogenomicsUI
[INFO][Stream] 12.06.2026 12:18:18 [] (unknown:0) - ------------------------------
[INFO][Stream] 12.06.2026 12:18:18 [] (unknown:0) -
[INFO][Stream] 12.06.2026 12:18:18 [] (unknown:0) -
[INFO][Stream] 12.06.2026 12:18:18 [] (unknown:0) -
[DEBUG][Qt] 12.06.2026 13:01:58 [] (unknown:0) - Switch to module:  "Volumes"
[DEBUG][Qt] 12.06.2026 13:02:24 [] (unknown:0) - "Volume" Reader has successfully read the file "D:/BCBM-RadioGenomics_Images_Masks_Dec2024/BCBM-RadioGenomics-5-2/BCBM-RadioGenomics-5-2_image_ss_n4.nii.gz" "[0.45s]"
[DEBUG][Qt] 12.06.2026 13:27:39 [] (unknown:0) - Switch to module:  "ExtensionWizard"
[ERROR][Python] 12.06.2026 13:27:45 [Python] (C:\Users\ASWIN SUNIL\AppData\Local\slicer.org\3D Slicer 5.10.0\bin\Python\slicer\util.py:3146) - Destination must be an existing directory.
[DEBUG][Qt] 12.06.2026 13:27:55 [] (unknown:0) - Switch to module:  "RadiogenomicsUI"
[DEBUG][Qt] 12.06.2026 13:31:53 [] (unknown:0) - Switch to module:  "ExtensionWizard"
[DEBUG][Qt] 12.06.2026 13:57:29 [] (unknown:0) - Switch to module:  "Volumes"
[DEBUG][Qt] 12.06.2026 13:57:34 [] (unknown:0) - "Volume" Reader has successfully read the file "D:/dataset/images/BCBM-RadioGenomics-0-0.nii.gz" "[0.29s]"
[DEBUG][Qt] 12.06.2026 13:57:50 [] (unknown:0) - "Volume" Reader has successfully read the file "D:/dataset/masks/BCBM-RadioGenomics-0-0_mask.nii.gz" "[0.21s]"
[WARNING][Qt] 12.06.2026 14:01:11 [] (unknown:0) - ctkRangeWidget::setSingleStep( 10 ) is outside valid bounds
[DEBUG][Qt] 12.06.2026 14:02:17 [] (unknown:0) - "Volume" Reader has successfully read the file "D:/Radiogenomics_Project/data/raw/BCBM-RadioGenomics-0-1/BCBM-RadioGenomics-0-1_mask_bst.nii.gz" "[0.24s]"
[WARNING][Qt] 12.06.2026 14:03:11 [] (unknown:0) - ctkRangeWidget::setSingleStep( 10 ) is outside valid bounds
[DEBUG][Qt] 12.06.2026 14:08:06 [] (unknown:0) - Switch to module:  "RadiogenomicsUI"
[INFO][Stream] 12.06.2026 14:55:40 [] (unknown:0) -
[INFO][Stream] 12.06.2026 14:55:40 [] (unknown:0) -
[INFO][Stream] 12.06.2026 14:55:40 [] (unknown:0) -
[INFO][Stream] 12.06.2026 14:55:40 [] (unknown:0) - ------------------------------
[INFO][Stream] 12.06.2026 14:55:40 [] (unknown:0) - Reloading module: RadiogenomicsUI
[INFO][Stream] 12.06.2026 14:55:40 [] (unknown:0) - ------------------------------
[INFO][Stream] 12.06.2026 14:55:40 [] (unknown:0) -
[INFO][Stream] 12.06.2026 14:55:40 [] (unknown:0) -
[INFO][Stream] 12.06.2026 14:55:40 [] (unknown:0) -
[INFO][Stream] 12.06.2026 14:56:05 [] (unknown:0) -
[INFO][Stream] 12.06.2026 14:56:05 [] (unknown:0) -
[INFO][Stream] 12.06.2026 14:56:05 [] (unknown:0) -
[INFO][Stream] 12.06.2026 14:56:05 [] (unknown:0) - ------------------------------
[INFO][Stream] 12.06.2026 14:56:05 [] (unknown:0) - Reloading module: RadiogenomicsUI
[INFO][Stream] 12.06.2026 14:56:05 [] (unknown:0) - ------------------------------
[INFO][Stream] 12.06.2026 14:56:05 [] (unknown:0) -
[INFO][Stream] 12.06.2026 14:56:05 [] (unknown:0) -
[INFO][Stream] 12.06.2026 14:56:05 [] (unknown:0) -
[INFO][Stream] 12.06.2026 14:59:07 [] (unknown:0) -
[INFO][Stream] 12.06.2026 14:59:07 [] (unknown:0) -
[INFO][Stream] 12.06.2026 14:59:07 [] (unknown:0) -
[INFO][Stream] 12.06.2026 14:59:07 [] (unknown:0) - ------------------------------
[INFO][Stream] 12.06.2026 14:59:07 [] (unknown:0) - Reloading module: RadiogenomicsUI
[INFO][Stream] 12.06.2026 14:59:07 [] (unknown:0) - ------------------------------
[INFO][Stream] 12.06.2026 14:59:07 [] (unknown:0) -
[INFO][Stream] 12.06.2026 14:59:07 [] (unknown:0) -
[INFO][Stream] 12.06.2026 14:59:07 [] (unknown:0) -
[DEBUG][Qt] 12.06.2026 15:01:22 [] (unknown:0) - Switch to module:  "Volumes"
[WARNING][VTK] 12.06.2026 15:01:50 [vtkOpenGLVolumeRGBTable (000002301C99D900)] (vtkOpenGLVolumeLookupTable.cxx:76) - This OpenGL implementation does not support the required texture size of 131072, falling back to maximum allowed, 32768.This may cause an incorrect lookup table mapping.
[WARNING][VTK] 12.06.2026 15:01:50 [vtkOpenGLVolumeRGBTable (000002301C99EBC0)] (vtkOpenGLVolumeLookupTable.cxx:76) - This OpenGL implementation does not support the required texture size of 131072, falling back to maximum allowed, 32768.This may cause an incorrect lookup table mapping.
[WARNING][VTK] 12.06.2026 15:01:50 [vtkOpenGLVolumeRGBTable (000002301C99D900)] (vtkOpenGLVolumeLookupTable.cxx:76) - This OpenGL implementation does not support the required texture size of 131072, falling back to maximum allowed, 32768.This may cause an incorrect lookup table mapping.
[WARNING][VTK] 12.06.2026 15:01:50 [vtkOpenGLVolumeRGBTable (000002301C99DD60)] (vtkOpenGLVolumeLookupTable.cxx:76) - This OpenGL implementation does not support the required texture size of 65536, falling back to maximum allowed, 32768.This may cause an incorrect lookup table mapping.
[WARNING][VTK] 12.06.2026 15:01:50 [vtkOpenGLVolumeRGBTable (000002301C99EEE0)] (vtkOpenGLVolumeLookupTable.cxx:76) - This OpenGL implementation does not support the required texture size of 65536, falling back to maximum allowed, 32768.This may cause an incorrect lookup table mapping.
[WARNING][VTK] 12.06.2026 15:01:50 [vtkOpenGLVolumeRGBTable (000002301C99ED00)] (vtkOpenGLVolumeLookupTable.cxx:76) - This OpenGL implementation does not support the required texture size of 65536, falling back to maximum allowed, 32768.This may cause an incorrect lookup table mapping.
[WARNING][Qt] 12.06.2026 15:07:04 [] (unknown:0) - An OpenGL Core Profile was requested, but it is not supported on the current platform. Falling back to a non-Core profile. Note that this might cause rendering issues.
[CRITICAL][FD] 12.06.2026 15:07:04 [] (unknown:0) -
[CRITICAL][FD] 12.06.2026 15:07:04 [] (unknown:0) - DevTools listening on ws://127.0.0.1:1337/devtools/browser/a3925825-6ea4-49a6-b5ee-2d467ce246a5
[WARNING][Qt] 12.06.2026 15:07:05 [] (unknown:0) - Remote debugging server started successfully. Try pointing a Chromium-based browser to http://127.0.0.1:1337
[WARNING][Qt] 12.06.2026 15:07:05 [] (unknown:0) - Property 'verbose'' of object 'qSlicerWebPythonProxy' has no notify signal and is not constant, value updates in HTML will be broken!
[WARNING][Qt] 12.06.2026 15:07:06 [] (unknown:0) - Property 'verbose'' of object 'qSlicerWebPythonProxy' has no notify signal and is not constant, value updates in HTML will be broken!
[WARNING][Qt] 12.06.2026 15:07:07 [] (unknown:0) - "https://extensions.slicer.org/catalog/All/34045/win" 1 "Uncaught TypeError: app.search is not a function"
[CRITICAL][Qt] 12.06.2026 15:07:07 [] (unknown:0) - Uncaught TypeError: app.search is not a function
[WARNING][Qt] 12.06.2026 15:07:11 [] (unknown:0) - "https://extensions.slicer.org/catalog/All/34045/win" 0 "Mixed Content: The page at 'https://extensions.slicer.org/catalog/All/34045/win' was loaded over HTTPS, but requested an insecure image 'http://wiki.slicer.org/slicerWiki/images/f/f6/IntensitySegmenterIcon.png'. This content should also be served over HTTPS."
[WARNING][Qt] 12.06.2026 15:07:11 [] (unknown:0) - Mixed Content: The page at 'https://extensions.slicer.org/catalog/All/34045/win' was loaded over HTTPS, but requested an insecure image 'http://wiki.slicer.org/slicerWiki/images/f/f6/IntensitySegmenterIcon.png'. This content should also be served over HTTPS.
[WARNING][Qt] 12.06.2026 15:07:28 [] (unknown:0) - "https://extensions.slicer.org/catalog/All/34045/win" 0 "A cookie associated with a cross-site resource at http://www.nitrc.org/ was set without the `SameSite` attribute. A future release of Chrome will only deliver cookies with cross-site requests if they are set with `SameSite=None` and `Secure`. You can review cookies in developer tools under Application>Storage>Cookies and see more details at https://www.chromestatus.com/feature/5088147346030592 and https://www.chromestatus.com/feature/5633521622188032."
[WARNING][Qt] 12.06.2026 15:07:28 [] (unknown:0) - A cookie associated with a cross-site resource at http://www.nitrc.org/ was set without the `SameSite` attribute. A future release of Chrome will only deliver cookies with cross-site requests if they are set with `SameSite=None` and `Secure`. You can review cookies in developer tools under Application>Storage>Cookies and see more details at https://www.chromestatus.com/feature/5088147346030592 and https://www.chromestatus.com/feature/5633521622188032.
[DEBUG][Qt] 12.06.2026 15:07:34 [] (unknown:0) - Retrieving extension metadata for BrainVolumeRefinement extension
[DEBUG][Qt] 12.06.2026 15:07:34 [] (unknown:0) - Retrieving BrainVolumeRefinement extension files (extensionId: 69120a82ac7b1c95e7937d01)
[DEBUG][Qt] 12.06.2026 15:07:36 [] (unknown:0) - Downloading BrainVolumeRefinement extension (item_id: 69120a82ac7b1c95e7937d01, file_id: 69120a84ac7b1c95e7937d08)
[DEBUG][Qt] 12.06.2026 15:07:36 [] (unknown:0) - Retrieving extension metadata for BrainVolumeRefinement extension
[DEBUG][Qt] 12.06.2026 15:07:36 [] (unknown:0) - Retrieving BrainVolumeRefinement extension files (extensionId: 69120a82ac7b1c95e7937d01)
[DEBUG][Qt] 12.06.2026 15:07:37 [] (unknown:0) - Downloading BrainVolumeRefinement extension (item_id: 69120a82ac7b1c95e7937d01, file_id: 69120a84ac7b1c95e7937d08)
[DEBUG][Qt] 12.06.2026 15:07:40 [] (unknown:0) - Installed extension BrainVolumeRefinement (69120a82ac7b1c95e7937d01) revision 64369f3
[DEBUG][Qt] 12.06.2026 15:07:40 [] (unknown:0) - Icon download for  "BrainVolumeRefinement"  already in progress. Active icon downloads:  ("BrainVolumeRefinement")
[WARNING][Qt] 12.06.2026 15:07:41 [] (unknown:0) - Skip installation of BrainVolumeRefinement extension. It is already installed.
[DEBUG][Qt] 12.06.2026 15:08:16 [] (unknown:0) - Switch to module:  "RadiogenomicsUI"
[DEBUG][Qt] 12.06.2026 15:08:18 [] (unknown:0) - Switch to module:  ""
