[DEBUG][Qt] 12.06.2026 11:47:54 [] (unknown:0) - Session start time .......: 20260612_114754
[DEBUG][Qt] 12.06.2026 11:47:54 [] (unknown:0) - Slicer version ...........: 5.10.0 (revision 34045 / a2b6d08) win-amd64 - installed release
[DEBUG][Qt] 12.06.2026 11:47:54 [] (unknown:0) - Operating system .........: Windows /  Personal / (Build 26200, Code Page 65001) - 64-bit
[DEBUG][Qt] 12.06.2026 11:47:54 [] (unknown:0) - Memory ...................: 16087 MB physical, 36130 MB virtual
[DEBUG][Qt] 12.06.2026 11:47:54 [] (unknown:0) - CPU ......................: GenuineIntel , 12 cores, 12 logical processors
[DEBUG][Qt] 12.06.2026 11:47:54 [] (unknown:0) - VTK configuration ........: OpenGL2 rendering, TBB threading
[DEBUG][Qt] 12.06.2026 11:47:54 [] (unknown:0) - Qt configuration .........: version 5.15.2, with SSL, requested OpenGL 3.2 (core profile)
[DEBUG][Qt] 12.06.2026 11:47:54 [] (unknown:0) - DCMTK configuration ......: version 3.6.8, no SSL
[DEBUG][Qt] 12.06.2026 11:47:54 [] (unknown:0) - Internationalization .....: disabled, language=
[DEBUG][Qt] 12.06.2026 11:47:54 [] (unknown:0) - Developer mode ...........: enabled
[DEBUG][Qt] 12.06.2026 11:47:54 [] (unknown:0) - Application path .........: C:/Users/ASWIN SUNIL/AppData/Local/slicer.org/3D Slicer 5.10.0/bin
[DEBUG][Qt] 12.06.2026 11:47:54 [] (unknown:0) - Additional module paths ..: D:/BCBMradoigenomics\RadiogenomicsUI
[INFO][Stream] 12.06.2026 11:47:56 [] (unknown:0) -
[WARNING][VTK] 12.06.2026 11:47:57 [] (unknown:0) - Generic Warning: In vtkSlicerApplicationLogic.cxx, line 827
GetModuleHomeDirectory: failed to compute module home directory given filePath: D:/BCBMradoigenomics/RadiogenomicsUI/RadiogenomicsUI.py
[DEBUG][Python] 12.06.2026 11:47:57 [Python] (C:\Users\ASWIN SUNIL\AppData\Local\slicer.org\3D Slicer 5.10.0\lib\Slicer-5.10\qt-scripted-modules\SubjectHierarchyPlugins\AbstractScriptedSubjectHierarchyPlugin.py:40) - Scripted subject hierarchy plugin registered: SegmentEditor
[DEBUG][Python] 12.06.2026 11:47:57 [Python] (C:\Users\ASWIN SUNIL\AppData\Local\slicer.org\3D Slicer 5.10.0\lib\Slicer-5.10\qt-scripted-modules\SubjectHierarchyPlugins\AbstractScriptedSubjectHierarchyPlugin.py:40) - Scripted subject hierarchy plugin registered: SegmentStatistics
[DEBUG][Qt] 12.06.2026 11:47:57 [] (unknown:0) - Switch to module:  "Welcome"
[DEBUG][Qt] 12.06.2026 11:48:03 [] (unknown:0) - Switch to module:  "RadiogenomicsUI"
[DEBUG][Qt] 12.06.2026 12:02:10 [] (unknown:0) - "Volume" Reader has successfully read the file "D:/BCBM-RadioGenomics_Images_Masks_Dec2024/BCBM-RadioGenomics-0-1/BCBM-RadioGenomics-0-1_image_ss_n4.nii.gz" "[0.28s]"
[DEBUG][Qt] 12.06.2026 12:12:14 [] (unknown:0) - Switch to module:  ""
